phystest called with the following parameters:
 rhomin = 1e-06
 Ethmin = 1e-06
 vmax   = 300
 time   = 2e-06
err: NaN @(ijk) = (  0   0   0) # q= 4
 -> (x,y,z) = ( 0.00, 0.50, 0.50)
err: NaN @(ijk) = (  1   0   0) # q= 4
 -> (x,y,z) = ( 0.01, 0.50, 0.50)
err: NaN @(ijk) = (  2   0   0) # q= 4
 -> (x,y,z) = ( 0.01, 0.50, 0.50)
err: NaN @(ijk) = (  3   0   0) # q= 4
 -> (x,y,z) = ( 0.02, 0.50, 0.50)
err: NaN @(ijk) = (  4   0   0) # q= 4
 -> (x,y,z) = ( 0.02, 0.50, 0.50)
err: NaN @(ijk) = (  5   0   0) # q= 4
 -> (x,y,z) = ( 0.03, 0.50, 0.50)
err: NaN @(ijk) = (  6   0   0) # q= 4
 -> (x,y,z) = ( 0.03, 0.50, 0.50)
err: NaN @(ijk) = (  7   0   0) # q= 4
 -> (x,y,z) = ( 0.04, 0.50, 0.50)
err: NaN @(ijk) = (  8   0   0) # q= 4
 -> (x,y,z) = ( 0.04, 0.50, 0.50)
err: NaN @(ijk) = (  9   0   0) # q= 4
 -> (x,y,z) = ( 0.05, 0.50, 0.50)
err: NaN @(ijk) = ( 10   0   0) # q= 4
 -> (x,y,z) = ( 0.05, 0.50, 0.50)
err: NaN @(ijk) = ( 11   0   0) # q= 4
 -> (x,y,z) = ( 0.06, 0.50, 0.50)
err: NaN @(ijk) = ( 12   0   0) # q= 4
 -> (x,y,z) = ( 0.06, 0.50, 0.50)
err: NaN @(ijk) = ( 13   0   0) # q= 4
 -> (x,y,z) = ( 0.07, 0.50, 0.50)
err: NaN @(ijk) = ( 14   0   0) # q= 4
 -> (x,y,z) = ( 0.07, 0.50, 0.50)
err: NaN @(ijk) = ( 15   0   0) # q= 4
 -> (x,y,z) = ( 0.08, 0.50, 0.50)
err: NaN @(ijk) = ( 16   0   0) # q= 4
 -> (x,y,z) = ( 0.08, 0.50, 0.50)
err: NaN @(ijk) = ( 17   0   0) # q= 4
 -> (x,y,z) = ( 0.09, 0.50, 0.50)
err: NaN @(ijk) = ( 18   0   0) # q= 4
 -> (x,y,z) = ( 0.09, 0.50, 0.50)
err: NaN @(ijk) = ( 19   0   0) # q= 4
 -> (x,y,z) = ( 0.10, 0.50, 0.50)
err: NaN @(ijk) = ( 20   0   0) # q= 4
 -> (x,y,z) = ( 0.10, 0.50, 0.50)
err: NaN @(ijk) = ( 21   0   0) # q= 4
 -> (x,y,z) = ( 0.11, 0.50, 0.50)
err: NaN @(ijk) = ( 22   0   0) # q= 4
 -> (x,y,z) = ( 0.11, 0.50, 0.50)
err: NaN @(ijk) = ( 23   0   0) # q= 4
 -> (x,y,z) = ( 0.12, 0.50, 0.50)
err: NaN @(ijk) = ( 24   0   0) # q= 4
 -> (x,y,z) = ( 0.12, 0.50, 0.50)
err: NaN @(ijk) = ( 25   0   0) # q= 4
 -> (x,y,z) = ( 0.13, 0.50, 0.50)
err: NaN @(ijk) = ( 26   0   0) # q= 4
 -> (x,y,z) = ( 0.13, 0.50, 0.50)
err: NaN @(ijk) = ( 27   0   0) # q= 4
 -> (x,y,z) = ( 0.14, 0.50, 0.50)
err: NaN @(ijk) = ( 28   0   0) # q= 4
 -> (x,y,z) = ( 0.14, 0.50, 0.50)
err: NaN @(ijk) = ( 29   0   0) # q= 4
 -> (x,y,z) = ( 0.15, 0.50, 0.50)
err: NaN @(ijk) = ( 30   0   0) # q= 4
 -> (x,y,z) = ( 0.15, 0.50, 0.50)
err: NaN @(ijk) = ( 31   0   0) # q= 4
 -> (x,y,z) = ( 0.16, 0.50, 0.50)
err: NaN @(ijk) = ( 32   0   0) # q= 4
 -> (x,y,z) = ( 0.16, 0.50, 0.50)
err: NaN @(ijk) = ( 33   0   0) # q= 4
 -> (x,y,z) = ( 0.17, 0.50, 0.50)
err: NaN @(ijk) = ( 34   0   0) # q= 4
 -> (x,y,z) = ( 0.17, 0.50, 0.50)
err: NaN @(ijk) = ( 35   0   0) # q= 4
 -> (x,y,z) = ( 0.18, 0.50, 0.50)
err: NaN @(ijk) = ( 36   0   0) # q= 4
 -> (x,y,z) = ( 0.18, 0.50, 0.50)
err: NaN @(ijk) = ( 37   0   0) # q= 4
 -> (x,y,z) = ( 0.19, 0.50, 0.50)
err: NaN @(ijk) = ( 38   0   0) # q= 4
 -> (x,y,z) = ( 0.19, 0.50, 0.50)
err: NaN @(ijk) = ( 39   0   0) # q= 4
 -> (x,y,z) = ( 0.20, 0.50, 0.50)
err: NaN @(ijk) = ( 40   0   0) # q= 4
 -> (x,y,z) = ( 0.20, 0.50, 0.50)
err: NaN @(ijk) = ( 41   0   0) # q= 4
 -> (x,y,z) = ( 0.21, 0.50, 0.50)
err: NaN @(ijk) = ( 42   0   0) # q= 4
 -> (x,y,z) = ( 0.21, 0.50, 0.50)
err: NaN @(ijk) = ( 43   0   0) # q= 4
 -> (x,y,z) = ( 0.22, 0.50, 0.50)
err: NaN @(ijk) = ( 44   0   0) # q= 4
 -> (x,y,z) = ( 0.22, 0.50, 0.50)
err: NaN @(ijk) = ( 45   0   0) # q= 4
 -> (x,y,z) = ( 0.23, 0.50, 0.50)
err: NaN @(ijk) = ( 46   0   0) # q= 4
 -> (x,y,z) = ( 0.23, 0.50, 0.50)
err: NaN @(ijk) = ( 47   0   0) # q= 4
 -> (x,y,z) = ( 0.24, 0.50, 0.50)
err: NaN @(ijk) = ( 48   0   0) # q= 4
 -> (x,y,z) = ( 0.24, 0.50, 0.50)
err: NaN @(ijk) = ( 49   0   0) # q= 4
 -> (x,y,z) = ( 0.25, 0.50, 0.50)
err: NaN @(ijk) = ( 50   0   0) # q= 4
 -> (x,y,z) = ( 0.25, 0.50, 0.50)
err: NaN @(ijk) = ( 51   0   0) # q= 4
 -> (x,y,z) = ( 0.26, 0.50, 0.50)
err: NaN @(ijk) = ( 52   0   0) # q= 4
 -> (x,y,z) = ( 0.26, 0.50, 0.50)
err: NaN @(ijk) = ( 53   0   0) # q= 4
 -> (x,y,z) = ( 0.27, 0.50, 0.50)
err: NaN @(ijk) = ( 54   0   0) # q= 4
 -> (x,y,z) = ( 0.27, 0.50, 0.50)
err: NaN @(ijk) = ( 55   0   0) # q= 4
 -> (x,y,z) = ( 0.28, 0.50, 0.50)
err: NaN @(ijk) = ( 56   0   0) # q= 4
 -> (x,y,z) = ( 0.28, 0.50, 0.50)
err: NaN @(ijk) = ( 57   0   0) # q= 4
 -> (x,y,z) = ( 0.29, 0.50, 0.50)
err: NaN @(ijk) = ( 58   0   0) # q= 4
 -> (x,y,z) = ( 0.29, 0.50, 0.50)
err: NaN @(ijk) = ( 59   0   0) # q= 4
 -> (x,y,z) = ( 0.30, 0.50, 0.50)
err: NaN @(ijk) = ( 60   0   0) # q= 4
 -> (x,y,z) = ( 0.30, 0.50, 0.50)
err: NaN @(ijk) = ( 61   0   0) # q= 4
 -> (x,y,z) = ( 0.31, 0.50, 0.50)
err: NaN @(ijk) = ( 62   0   0) # q= 4
 -> (x,y,z) = ( 0.31, 0.50, 0.50)
err: NaN @(ijk) = ( 63   0   0) # q= 4
 -> (x,y,z) = ( 0.32, 0.50, 0.50)
err: NaN @(ijk) = ( 64   0   0) # q= 4
 -> (x,y,z) = ( 0.32, 0.50, 0.50)
err: NaN @(ijk) = ( 65   0   0) # q= 4
 -> (x,y,z) = ( 0.33, 0.50, 0.50)
err: NaN @(ijk) = ( 66   0   0) # q= 4
 -> (x,y,z) = ( 0.33, 0.50, 0.50)
err: NaN @(ijk) = ( 67   0   0) # q= 4
 -> (x,y,z) = ( 0.34, 0.50, 0.50)
err: NaN @(ijk) = ( 68   0   0) # q= 4
 -> (x,y,z) = ( 0.34, 0.50, 0.50)
err: NaN @(ijk) = ( 69   0   0) # q= 4
 -> (x,y,z) = ( 0.35, 0.50, 0.50)
err: NaN @(ijk) = ( 70   0   0) # q= 4
 -> (x,y,z) = ( 0.35, 0.50, 0.50)
err: NaN @(ijk) = ( 71   0   0) # q= 4
 -> (x,y,z) = ( 0.36, 0.50, 0.50)
err: NaN @(ijk) = ( 72   0   0) # q= 4
 -> (x,y,z) = ( 0.36, 0.50, 0.50)
err: NaN @(ijk) = ( 73   0   0) # q= 4
 -> (x,y,z) = ( 0.37, 0.50, 0.50)
err: NaN @(ijk) = ( 74   0   0) # q= 4
 -> (x,y,z) = ( 0.37, 0.50, 0.50)
err: NaN @(ijk) = ( 75   0   0) # q= 4
 -> (x,y,z) = ( 0.38, 0.50, 0.50)
err: NaN @(ijk) = ( 76   0   0) # q= 4
 -> (x,y,z) = ( 0.38, 0.50, 0.50)
err: NaN @(ijk) = ( 77   0   0) # q= 4
 -> (x,y,z) = ( 0.39, 0.50, 0.50)
err: NaN @(ijk) = ( 78   0   0) # q= 4
 -> (x,y,z) = ( 0.39, 0.50, 0.50)
err: NaN @(ijk) = ( 79   0   0) # q= 4
 -> (x,y,z) = ( 0.40, 0.50, 0.50)
err: NaN @(ijk) = ( 80   0   0) # q= 4
 -> (x,y,z) = ( 0.40, 0.50, 0.50)
err: NaN @(ijk) = ( 81   0   0) # q= 4
 -> (x,y,z) = ( 0.41, 0.50, 0.50)
err: NaN @(ijk) = ( 82   0   0) # q= 4
 -> (x,y,z) = ( 0.41, 0.50, 0.50)
err: NaN @(ijk) = ( 83   0   0) # q= 4
 -> (x,y,z) = ( 0.42, 0.50, 0.50)
err: NaN @(ijk) = ( 84   0   0) # q= 4
 -> (x,y,z) = ( 0.42, 0.50, 0.50)
err: NaN @(ijk) = ( 85   0   0) # q= 4
 -> (x,y,z) = ( 0.43, 0.50, 0.50)
err: NaN @(ijk) = ( 86   0   0) # q= 4
 -> (x,y,z) = ( 0.43, 0.50, 0.50)
err: NaN @(ijk) = ( 87   0   0) # q= 4
 -> (x,y,z) = ( 0.44, 0.50, 0.50)
err: NaN @(ijk) = ( 88   0   0) # q= 4
 -> (x,y,z) = ( 0.44, 0.50, 0.50)
err: NaN @(ijk) = ( 89   0   0) # q= 4
 -> (x,y,z) = ( 0.45, 0.50, 0.50)
err: NaN @(ijk) = ( 90   0   0) # q= 4
 -> (x,y,z) = ( 0.45, 0.50, 0.50)
err: NaN @(ijk) = ( 91   0   0) # q= 4
 -> (x,y,z) = ( 0.46, 0.50, 0.50)
err: NaN @(ijk) = ( 92   0   0) # q= 4
 -> (x,y,z) = ( 0.46, 0.50, 0.50)
err: NaN @(ijk) = ( 93   0   0) # q= 4
 -> (x,y,z) = ( 0.47, 0.50, 0.50)
err: NaN @(ijk) = ( 94   0   0) # q= 4
 -> (x,y,z) = ( 0.47, 0.50, 0.50)
err: NaN @(ijk) = ( 95   0   0) # q= 4
 -> (x,y,z) = ( 0.48, 0.50, 0.50)
err: NaN @(ijk) = ( 96   0   0) # q= 4
 -> (x,y,z) = ( 0.48, 0.50, 0.50)
err: NaN @(ijk) = ( 97   0   0) # q= 4
 -> (x,y,z) = ( 0.49, 0.50, 0.50)
err: NaN @(ijk) = ( 98   0   0) # q= 4
 -> (x,y,z) = ( 0.49, 0.50, 0.50)
err: NaN @(ijk) = ( 99   0   0) # q= 4
 -> (x,y,z) = ( 0.50, 0.50, 0.50)
err: NaN @(ijk) = (100   0   0) # q= 4
 -> (x,y,z) = ( 0.50, 0.50, 0.50)
err: NaN @(ijk) = (101   0   0) # q= 4
 -> (x,y,z) = ( 0.51, 0.50, 0.50)
err: NaN @(ijk) = (102   0   0) # q= 4
 -> (x,y,z) = ( 0.51, 0.50, 0.50)
err: NaN @(ijk) = (103   0   0) # q= 4
 -> (x,y,z) = ( 0.52, 0.50, 0.50)
err: NaN @(ijk) = (104   0   0) # q= 4
 -> (x,y,z) = ( 0.52, 0.50, 0.50)
err: NaN @(ijk) = (105   0   0) # q= 4
 -> (x,y,z) = ( 0.53, 0.50, 0.50)
err: NaN @(ijk) = (106   0   0) # q= 4
 -> (x,y,z) = ( 0.53, 0.50, 0.50)
err: NaN @(ijk) = (107   0   0) # q= 4
 -> (x,y,z) = ( 0.54, 0.50, 0.50)
err: NaN @(ijk) = (108   0   0) # q= 4
 -> (x,y,z) = ( 0.54, 0.50, 0.50)
err: NaN @(ijk) = (109   0   0) # q= 4
 -> (x,y,z) = ( 0.55, 0.50, 0.50)
err: NaN @(ijk) = (110   0   0) # q= 4
 -> (x,y,z) = ( 0.55, 0.50, 0.50)
err: NaN @(ijk) = (111   0   0) # q= 4
 -> (x,y,z) = ( 0.56, 0.50, 0.50)
err: NaN @(ijk) = (112   0   0) # q= 4
 -> (x,y,z) = ( 0.56, 0.50, 0.50)
err: NaN @(ijk) = (113   0   0) # q= 4
 -> (x,y,z) = ( 0.57, 0.50, 0.50)
err: NaN @(ijk) = (114   0   0) # q= 4
 -> (x,y,z) = ( 0.57, 0.50, 0.50)
err: NaN @(ijk) = (115   0   0) # q= 4
 -> (x,y,z) = ( 0.58, 0.50, 0.50)
err: NaN @(ijk) = (116   0   0) # q= 4
 -> (x,y,z) = ( 0.58, 0.50, 0.50)
err: NaN @(ijk) = (117   0   0) # q= 4
 -> (x,y,z) = ( 0.59, 0.50, 0.50)
err: NaN @(ijk) = (118   0   0) # q= 4
 -> (x,y,z) = ( 0.59, 0.50, 0.50)
err: NaN @(ijk) = (119   0   0) # q= 4
 -> (x,y,z) = ( 0.60, 0.50, 0.50)
err: NaN @(ijk) = (120   0   0) # q= 4
 -> (x,y,z) = ( 0.60, 0.50, 0.50)
err: NaN @(ijk) = (121   0   0) # q= 4
 -> (x,y,z) = ( 0.61, 0.50, 0.50)
err: NaN @(ijk) = (122   0   0) # q= 4
 -> (x,y,z) = ( 0.61, 0.50, 0.50)
err: NaN @(ijk) = (123   0   0) # q= 4
 -> (x,y,z) = ( 0.62, 0.50, 0.50)
err: NaN @(ijk) = (124   0   0) # q= 4
 -> (x,y,z) = ( 0.62, 0.50, 0.50)
err: NaN @(ijk) = (125   0   0) # q= 4
 -> (x,y,z) = ( 0.63, 0.50, 0.50)
err: NaN @(ijk) = (126   0   0) # q= 4
 -> (x,y,z) = ( 0.63, 0.50, 0.50)
err: NaN @(ijk) = (127   0   0) # q= 4
 -> (x,y,z) = ( 0.64, 0.50, 0.50)
err: NaN @(ijk) = (128   0   0) # q= 4
 -> (x,y,z) = ( 0.64, 0.50, 0.50)
err: NaN @(ijk) = (129   0   0) # q= 4
 -> (x,y,z) = ( 0.65, 0.50, 0.50)
err: NaN @(ijk) = (130   0   0) # q= 4
 -> (x,y,z) = ( 0.65, 0.50, 0.50)
err: NaN @(ijk) = (131   0   0) # q= 4
 -> (x,y,z) = ( 0.66, 0.50, 0.50)
err: NaN @(ijk) = (132   0   0) # q= 4
 -> (x,y,z) = ( 0.66, 0.50, 0.50)
err: NaN @(ijk) = (133   0   0) # q= 4
 -> (x,y,z) = ( 0.67, 0.50, 0.50)
err: NaN @(ijk) = (134   0   0) # q= 4
 -> (x,y,z) = ( 0.67, 0.50, 0.50)
err: NaN @(ijk) = (135   0   0) # q= 4
 -> (x,y,z) = ( 0.68, 0.50, 0.50)
err: NaN @(ijk) = (136   0   0) # q= 4
 -> (x,y,z) = ( 0.68, 0.50, 0.50)
err: NaN @(ijk) = (137   0   0) # q= 4
 -> (x,y,z) = ( 0.69, 0.50, 0.50)
err: NaN @(ijk) = (138   0   0) # q= 4
 -> (x,y,z) = ( 0.69, 0.50, 0.50)
err: NaN @(ijk) = (139   0   0) # q= 4
 -> (x,y,z) = ( 0.70, 0.50, 0.50)
err: NaN @(ijk) = (140   0   0) # q= 4
 -> (x,y,z) = ( 0.70, 0.50, 0.50)
err: NaN @(ijk) = (141   0   0) # q= 4
 -> (x,y,z) = ( 0.71, 0.50, 0.50)
err: NaN @(ijk) = (142   0   0) # q= 4
 -> (x,y,z) = ( 0.71, 0.50, 0.50)
err: NaN @(ijk) = (143   0   0) # q= 4
 -> (x,y,z) = ( 0.72, 0.50, 0.50)
err: NaN @(ijk) = (144   0   0) # q= 4
 -> (x,y,z) = ( 0.72, 0.50, 0.50)
err: NaN @(ijk) = (145   0   0) # q= 4
 -> (x,y,z) = ( 0.73, 0.50, 0.50)
err: NaN @(ijk) = (146   0   0) # q= 4
 -> (x,y,z) = ( 0.73, 0.50, 0.50)
err: NaN @(ijk) = (147   0   0) # q= 4
 -> (x,y,z) = ( 0.74, 0.50, 0.50)
err: NaN @(ijk) = (148   0   0) # q= 4
 -> (x,y,z) = ( 0.74, 0.50, 0.50)
err: NaN @(ijk) = (149   0   0) # q= 4
 -> (x,y,z) = ( 0.75, 0.50, 0.50)
err: NaN @(ijk) = (150   0   0) # q= 4
 -> (x,y,z) = ( 0.75, 0.50, 0.50)
err: NaN @(ijk) = (151   0   0) # q= 4
 -> (x,y,z) = ( 0.76, 0.50, 0.50)
err: NaN @(ijk) = (152   0   0) # q= 4
 -> (x,y,z) = ( 0.76, 0.50, 0.50)
err: NaN @(ijk) = (153   0   0) # q= 4
 -> (x,y,z) = ( 0.77, 0.50, 0.50)
err: NaN @(ijk) = (154   0   0) # q= 4
 -> (x,y,z) = ( 0.77, 0.50, 0.50)
err: NaN @(ijk) = (155   0   0) # q= 4
 -> (x,y,z) = ( 0.78, 0.50, 0.50)
err: NaN @(ijk) = (156   0   0) # q= 4
 -> (x,y,z) = ( 0.78, 0.50, 0.50)
err: NaN @(ijk) = (157   0   0) # q= 4
 -> (x,y,z) = ( 0.79, 0.50, 0.50)
err: NaN @(ijk) = (158   0   0) # q= 4
 -> (x,y,z) = ( 0.79, 0.50, 0.50)
err: NaN @(ijk) = (159   0   0) # q= 4
 -> (x,y,z) = ( 0.80, 0.50, 0.50)
err: NaN @(ijk) = (160   0   0) # q= 4
 -> (x,y,z) = ( 0.80, 0.50, 0.50)
err: NaN @(ijk) = (161   0   0) # q= 4
 -> (x,y,z) = ( 0.81, 0.50, 0.50)
err: NaN @(ijk) = (162   0   0) # q= 4
 -> (x,y,z) = ( 0.81, 0.50, 0.50)
err: NaN @(ijk) = (163   0   0) # q= 4
 -> (x,y,z) = ( 0.82, 0.50, 0.50)
err: NaN @(ijk) = (164   0   0) # q= 4
 -> (x,y,z) = ( 0.82, 0.50, 0.50)
err: NaN @(ijk) = (165   0   0) # q= 4
 -> (x,y,z) = ( 0.83, 0.50, 0.50)
err: NaN @(ijk) = (166   0   0) # q= 4
 -> (x,y,z) = ( 0.83, 0.50, 0.50)
err: NaN @(ijk) = (167   0   0) # q= 4
 -> (x,y,z) = ( 0.84, 0.50, 0.50)
err: NaN @(ijk) = (168   0   0) # q= 4
 -> (x,y,z) = ( 0.84, 0.50, 0.50)
err: NaN @(ijk) = (169   0   0) # q= 4
 -> (x,y,z) = ( 0.85, 0.50, 0.50)
err: NaN @(ijk) = (170   0   0) # q= 4
 -> (x,y,z) = ( 0.85, 0.50, 0.50)
err: NaN @(ijk) = (171   0   0) # q= 4
 -> (x,y,z) = ( 0.86, 0.50, 0.50)
err: NaN @(ijk) = (172   0   0) # q= 4
 -> (x,y,z) = ( 0.86, 0.50, 0.50)
err: NaN @(ijk) = (173   0   0) # q= 4
 -> (x,y,z) = ( 0.87, 0.50, 0.50)
err: NaN @(ijk) = (174   0   0) # q= 4
 -> (x,y,z) = ( 0.87, 0.50, 0.50)
err: NaN @(ijk) = (175   0   0) # q= 4
 -> (x,y,z) = ( 0.88, 0.50, 0.50)
err: NaN @(ijk) = (176   0   0) # q= 4
 -> (x,y,z) = ( 0.88, 0.50, 0.50)
err: NaN @(ijk) = (177   0   0) # q= 4
 -> (x,y,z) = ( 0.89, 0.50, 0.50)
err: NaN @(ijk) = (178   0   0) # q= 4
 -> (x,y,z) = ( 0.89, 0.50, 0.50)
err: NaN @(ijk) = (179   0   0) # q= 4
 -> (x,y,z) = ( 0.90, 0.50, 0.50)
err: NaN @(ijk) = (180   0   0) # q= 4
 -> (x,y,z) = ( 0.90, 0.50, 0.50)
err: NaN @(ijk) = (181   0   0) # q= 4
 -> (x,y,z) = ( 0.91, 0.50, 0.50)
err: NaN @(ijk) = (182   0   0) # q= 4
 -> (x,y,z) = ( 0.91, 0.50, 0.50)
err: NaN @(ijk) = (183   0   0) # q= 4
 -> (x,y,z) = ( 0.92, 0.50, 0.50)
err: NaN @(ijk) = (184   0   0) # q= 4
 -> (x,y,z) = ( 0.92, 0.50, 0.50)
err: NaN @(ijk) = (185   0   0) # q= 4
 -> (x,y,z) = ( 0.93, 0.50, 0.50)
err: NaN @(ijk) = (186   0   0) # q= 4
 -> (x,y,z) = ( 0.93, 0.50, 0.50)
err: NaN @(ijk) = (187   0   0) # q= 4
 -> (x,y,z) = ( 0.94, 0.50, 0.50)
err: NaN @(ijk) = (188   0   0) # q= 4
 -> (x,y,z) = ( 0.94, 0.50, 0.50)
err: NaN @(ijk) = (189   0   0) # q= 4
 -> (x,y,z) = ( 0.95, 0.50, 0.50)
err: NaN @(ijk) = (190   0   0) # q= 4
 -> (x,y,z) = ( 0.95, 0.50, 0.50)
err: NaN @(ijk) = (191   0   0) # q= 4
 -> (x,y,z) = ( 0.96, 0.50, 0.50)
err: NaN @(ijk) = (192   0   0) # q= 4
 -> (x,y,z) = ( 0.96, 0.50, 0.50)
err: NaN @(ijk) = (193   0   0) # q= 4
 -> (x,y,z) = ( 0.97, 0.50, 0.50)
err: NaN @(ijk) = (194   0   0) # q= 4
 -> (x,y,z) = ( 0.97, 0.50, 0.50)
err: NaN @(ijk) = (195   0   0) # q= 4
 -> (x,y,z) = ( 0.98, 0.50, 0.50)
err: NaN @(ijk) = (196   0   0) # q= 4
 -> (x,y,z) = ( 0.98, 0.50, 0.50)
err: NaN @(ijk) = (197   0   0) # q= 4
 -> (x,y,z) = ( 0.99, 0.50, 0.50)
err: NaN @(ijk) = (198   0   0) # q= 4
 -> (x,y,z) = ( 0.99, 0.50, 0.50)
err: NaN @(ijk) = (199   0   0) # q= 4
 -> (x,y,z) = ( 1.00, 0.50, 0.50)
